<?xml version="1.0" encoding="UTF-8"?>
<testng-results ignored="0" total="1" passed="1" failed="0" skipped="0">
  <reporter-output>
  </reporter-output>
  <suite started-at="2023-12-14T17:18:54 IST" name="Default suite" finished-at="2023-12-14T17:19:08 IST" duration-ms="14017">
    <groups>
    </groups>
    <test started-at="2023-12-14T17:18:54 IST" name="Default test" finished-at="2023-12-14T17:19:08 IST" duration-ms="14017">
      <class name="Testng.runnerScripttt">
        <test-method is-config="true" signature="openApplication()[pri:0, instance:Testng.runnerScripttt@48a12036]" started-at="2023-12-14T17:18:54 IST" name="openApplication" finished-at="2023-12-14T17:19:05 IST" duration-ms="10276" status="PASS">
          <reporter-output>
          </reporter-output>
        </test-method> <!-- openApplication -->
        <test-method signature="validLogin()[pri:0, instance:Testng.runnerScripttt@48a12036]" started-at="2023-12-14T17:19:05 IST" name="validLogin" finished-at="2023-12-14T17:19:05 IST" duration-ms="237" status="PASS">
          <reporter-output>
          </reporter-output>
        </test-method> <!-- validLogin -->
        <test-method is-config="true" signature="closeApplication()[pri:0, instance:Testng.runnerScripttt@48a12036]" started-at="2023-12-14T17:19:05 IST" name="closeApplication" finished-at="2023-12-14T17:19:08 IST" duration-ms="3385" status="PASS">
          <reporter-output>
          </reporter-output>
        </test-method> <!-- closeApplication -->
      </class> <!-- Testng.runnerScripttt -->
    </test> <!-- Default test -->
  </suite> <!-- Default suite -->
</testng-results>
